2024-11-12 00:05:18,878 - INFO - Starting data cleaning process
2024-11-12 00:05:18,881 - INFO - Found 28 enhanced files to process
2024-11-12 00:05:18,881 - INFO - 
Processing address: 1AYfkEgbjZQTn7DoUHxT1oDHZEUKd7JSwwXFvmGGTMi
2024-11-12 00:05:18,882 - INFO - Running jupyter for address: 1AYfkEgbjZQTn7DoUHxT1oDHZEUKd7JSwwXFvmGGTMi
2024-11-12 00:05:46,055 - INFO - Jupyter completed successfully
2024-11-12 00:05:51,057 - INFO - Waiting for jupyter output file: all\transactions_1AYfkEgbjZQTn7DoUHxT1oDHZEUKd7JSwwXFvmGGTMi.json
2024-11-12 00:05:52,060 - INFO - Found jupyter output file: all\transactions_1AYfkEgbjZQTn7DoUHxT1oDHZEUKd7JSwwXFvmGGTMi.json
2024-11-12 00:05:54,065 - INFO - Running convertv2
2024-11-12 00:05:58,112 - INFO - Convertv2 completed successfully
2024-11-12 00:06:01,115 - INFO - Waiting for convert output files for address: 1AYfkEgbjZQTn7DoUHxT1oDHZEUKd7JSwwXFvmGGTMi
2024-11-12 00:06:05,142 - INFO - Copied files to pameligo\newyesV2
2024-11-12 00:06:05,143 - INFO - Deleted all\transactions_1AYfkEgbjZQTn7DoUHxT1oDHZEUKd7JSwwXFvmGGTMi.json
2024-11-12 00:06:10,197 - INFO - 
Processing address: 2fzyLuJVHy44q5mhpPJ2J1f7wyKpVM5A1RVVkiASpump
2024-11-12 00:06:10,198 - INFO - Running jupyter for address: 2fzyLuJVHy44q5mhpPJ2J1f7wyKpVM5A1RVVkiASpump
2024-11-12 00:06:15,001 - INFO - Jupyter completed successfully
2024-11-12 00:06:20,017 - INFO - Waiting for jupyter output file: all\transactions_2fzyLuJVHy44q5mhpPJ2J1f7wyKpVM5A1RVVkiASpump.json
2024-11-12 00:06:21,032 - INFO - Found jupyter output file: all\transactions_2fzyLuJVHy44q5mhpPJ2J1f7wyKpVM5A1RVVkiASpump.json
2024-11-12 00:06:23,034 - INFO - Running convertv2
2024-11-12 00:06:26,907 - INFO - Convertv2 completed successfully
2024-11-12 00:06:29,917 - INFO - Waiting for convert output files for address: 2fzyLuJVHy44q5mhpPJ2J1f7wyKpVM5A1RVVkiASpump
2024-11-12 00:06:33,942 - INFO - Copied files to pameligo\newyesV2
2024-11-12 00:06:33,943 - INFO - Deleted all\transactions_2fzyLuJVHy44q5mhpPJ2J1f7wyKpVM5A1RVVkiASpump.json
2024-11-12 00:06:38,968 - INFO - 
Processing address: 2m7trkhgZ7kxA3VtUNL5R2cjEDtFYL8PkostxJm7BUi8
2024-11-12 00:06:38,970 - INFO - Running jupyter for address: 2m7trkhgZ7kxA3VtUNL5R2cjEDtFYL8PkostxJm7BUi8
2024-11-12 00:06:39,926 - INFO - Jupyter completed successfully
2024-11-12 00:06:44,937 - INFO - Waiting for jupyter output file: all\transactions_2m7trkhgZ7kxA3VtUNL5R2cjEDtFYL8PkostxJm7BUi8.json
2024-11-12 00:07:15,210 - ERROR - Timeout waiting for jupyter output: all\transactions_2m7trkhgZ7kxA3VtUNL5R2cjEDtFYL8PkostxJm7BUi8.json
2024-11-12 00:07:15,211 - INFO - 
Processing address: 4iksgnPfVeAsG1UeovNNiuJTLvhJV8cXm97rPsDdpump
2024-11-12 00:07:15,211 - INFO - Running jupyter for address: 4iksgnPfVeAsG1UeovNNiuJTLvhJV8cXm97rPsDdpump
2024-11-12 00:07:36,882 - INFO - Jupyter completed successfully
2024-11-12 00:07:41,897 - INFO - Waiting for jupyter output file: all\transactions_4iksgnPfVeAsG1UeovNNiuJTLvhJV8cXm97rPsDdpump.json
2024-11-12 00:07:42,911 - INFO - Found jupyter output file: all\transactions_4iksgnPfVeAsG1UeovNNiuJTLvhJV8cXm97rPsDdpump.json
2024-11-12 00:07:44,912 - INFO - Running convertv2
2024-11-12 00:07:48,659 - INFO - Convertv2 completed successfully
2024-11-12 00:07:51,670 - INFO - Waiting for convert output files for address: 4iksgnPfVeAsG1UeovNNiuJTLvhJV8cXm97rPsDdpump
2024-11-12 00:07:55,712 - INFO - Copied files to pameligo\newyesV2
2024-11-12 00:08:00,724 - INFO - 
Processing address: 4JY6Lep57Edxr7X2BmrnhNBRLaCfRvZM7JJ84kqmHxBH
2024-11-12 00:08:00,725 - INFO - Running jupyter for address: 4JY6Lep57Edxr7X2BmrnhNBRLaCfRvZM7JJ84kqmHxBH
2024-11-12 00:08:28,478 - INFO - Jupyter completed successfully
2024-11-12 00:08:33,490 - INFO - Waiting for jupyter output file: all\transactions_4JY6Lep57Edxr7X2BmrnhNBRLaCfRvZM7JJ84kqmHxBH.json
2024-11-12 00:08:34,505 - INFO - Found jupyter output file: all\transactions_4JY6Lep57Edxr7X2BmrnhNBRLaCfRvZM7JJ84kqmHxBH.json
2024-11-12 00:08:36,517 - INFO - Running convertv2
2024-11-12 00:08:40,618 - INFO - Convertv2 completed successfully
2024-11-12 00:08:43,626 - INFO - Waiting for convert output files for address: 4JY6Lep57Edxr7X2BmrnhNBRLaCfRvZM7JJ84kqmHxBH
2024-11-12 00:08:47,682 - INFO - Copied files to pameligo\newyesV2
2024-11-12 00:08:52,694 - INFO - 
Processing address: 4N8DbwFi8BeBdtp5xiMUidD7yBQ55CNEsmW2rskMpump
2024-11-12 00:08:52,696 - INFO - Running jupyter for address: 4N8DbwFi8BeBdtp5xiMUidD7yBQ55CNEsmW2rskMpump
2024-11-12 00:09:04,908 - INFO - Jupyter completed successfully
2024-11-12 00:09:09,917 - INFO - Waiting for jupyter output file: all\transactions_4N8DbwFi8BeBdtp5xiMUidD7yBQ55CNEsmW2rskMpump.json
2024-11-12 00:09:10,927 - INFO - Found jupyter output file: all\transactions_4N8DbwFi8BeBdtp5xiMUidD7yBQ55CNEsmW2rskMpump.json
2024-11-12 00:09:12,957 - INFO - Running convertv2
2024-11-12 00:09:16,737 - INFO - Convertv2 completed successfully
2024-11-12 00:09:19,738 - INFO - Waiting for convert output files for address: 4N8DbwFi8BeBdtp5xiMUidD7yBQ55CNEsmW2rskMpump
2024-11-12 00:09:23,801 - INFO - Copied files to pameligo\newyesV2
2024-11-12 00:09:23,802 - INFO - Deleted all\transactions_4N8DbwFi8BeBdtp5xiMUidD7yBQ55CNEsmW2rskMpump.json
2024-11-12 00:09:28,821 - INFO - 
Processing address: 4YVaFyrwzGempLaTaxKiygk6fMjjJD3gMhncJkaHpump
2024-11-12 00:09:28,821 - INFO - Running jupyter for address: 4YVaFyrwzGempLaTaxKiygk6fMjjJD3gMhncJkaHpump
2024-11-12 00:09:44,812 - INFO - Jupyter completed successfully
2024-11-12 00:09:49,835 - INFO - Waiting for jupyter output file: all\transactions_4YVaFyrwzGempLaTaxKiygk6fMjjJD3gMhncJkaHpump.json
2024-11-12 00:09:50,865 - INFO - Found jupyter output file: all\transactions_4YVaFyrwzGempLaTaxKiygk6fMjjJD3gMhncJkaHpump.json
2024-11-12 00:09:52,911 - INFO - Running convertv2
2024-11-12 00:09:56,823 - INFO - Convertv2 completed successfully
2024-11-12 00:09:59,829 - INFO - Waiting for convert output files for address: 4YVaFyrwzGempLaTaxKiygk6fMjjJD3gMhncJkaHpump
2024-11-12 00:10:03,892 - INFO - Copied files to pameligo\newyesV2
2024-11-12 00:10:03,893 - INFO - Deleted all\transactions_4YVaFyrwzGempLaTaxKiygk6fMjjJD3gMhncJkaHpump.json
2024-11-12 00:10:08,897 - INFO - 
Processing address: 5XsxDa88RhAEzoMW8nkK2jVNk9wcb3NJGCwsqc5wvFNo
2024-11-12 00:10:08,897 - INFO - Running jupyter for address: 5XsxDa88RhAEzoMW8nkK2jVNk9wcb3NJGCwsqc5wvFNo
2024-11-12 00:10:28,230 - INFO - Jupyter completed successfully
2024-11-12 00:10:33,246 - INFO - Waiting for jupyter output file: all\transactions_5XsxDa88RhAEzoMW8nkK2jVNk9wcb3NJGCwsqc5wvFNo.json
2024-11-12 00:10:34,260 - INFO - Found jupyter output file: all\transactions_5XsxDa88RhAEzoMW8nkK2jVNk9wcb3NJGCwsqc5wvFNo.json
2024-11-12 00:10:36,271 - INFO - Running convertv2
2024-11-12 00:10:40,025 - INFO - Convertv2 completed successfully
2024-11-12 00:10:43,036 - INFO - Waiting for convert output files for address: 5XsxDa88RhAEzoMW8nkK2jVNk9wcb3NJGCwsqc5wvFNo
2024-11-12 00:10:47,110 - INFO - Copied files to pameligo\newyesV2
2024-11-12 00:10:47,112 - INFO - Deleted all\transactions_5XsxDa88RhAEzoMW8nkK2jVNk9wcb3NJGCwsqc5wvFNo.json
2024-11-12 00:10:52,114 - INFO - 
Processing address: 6oMRnLTKnLvXCh3WYA4eeKd6E3q8ioTkuEXkR98pump
2024-11-12 00:10:52,115 - INFO - Running jupyter for address: 6oMRnLTKnLvXCh3WYA4eeKd6E3q8ioTkuEXkR98pump
2024-11-12 00:11:10,853 - INFO - Jupyter completed successfully
2024-11-12 00:11:15,860 - INFO - Waiting for jupyter output file: all\transactions_6oMRnLTKnLvXCh3WYA4eeKd6E3q8ioTkuEXkR98pump.json
2024-11-12 00:11:16,872 - INFO - Found jupyter output file: all\transactions_6oMRnLTKnLvXCh3WYA4eeKd6E3q8ioTkuEXkR98pump.json
2024-11-12 00:11:18,887 - INFO - Running convertv2
2024-11-12 00:11:22,629 - INFO - Convertv2 completed successfully
2024-11-12 00:11:25,635 - INFO - Waiting for convert output files for address: 6oMRnLTKnLvXCh3WYA4eeKd6E3q8ioTkuEXkR98pump
2024-11-12 00:11:29,708 - INFO - Copied files to pameligo\newyesV2
2024-11-12 00:11:29,710 - INFO - Deleted all\transactions_6oMRnLTKnLvXCh3WYA4eeKd6E3q8ioTkuEXkR98pump.json
2024-11-12 00:11:34,730 - INFO - 
Processing address: 7FaUbpMzefuqapBQDb8vaSSgdh564PUQf87ANdSRpump
2024-11-12 00:11:34,732 - INFO - Running jupyter for address: 7FaUbpMzefuqapBQDb8vaSSgdh564PUQf87ANdSRpump
2024-11-12 00:12:00,993 - INFO - Jupyter completed successfully
2024-11-12 00:12:06,002 - INFO - Waiting for jupyter output file: all\transactions_7FaUbpMzefuqapBQDb8vaSSgdh564PUQf87ANdSRpump.json
2024-11-12 00:12:07,019 - INFO - Found jupyter output file: all\transactions_7FaUbpMzefuqapBQDb8vaSSgdh564PUQf87ANdSRpump.json
2024-11-12 00:12:09,022 - INFO - Running convertv2
2024-11-12 00:12:12,845 - INFO - Convertv2 completed successfully
2024-11-12 00:12:15,851 - INFO - Waiting for convert output files for address: 7FaUbpMzefuqapBQDb8vaSSgdh564PUQf87ANdSRpump
2024-11-12 00:12:19,909 - INFO - Copied files to pameligo\newyesV2
2024-11-12 00:12:19,911 - INFO - Deleted all\transactions_7FaUbpMzefuqapBQDb8vaSSgdh564PUQf87ANdSRpump.json
2024-11-12 00:12:24,914 - INFO - 
Processing address: 7hn8Zs3yCxE4ucyNyyVFfy3Y2UN5KSDYuZC3pCoTpump
2024-11-12 00:12:24,915 - INFO - Running jupyter for address: 7hn8Zs3yCxE4ucyNyyVFfy3Y2UN5KSDYuZC3pCoTpump
2024-11-12 00:12:31,803 - INFO - Jupyter completed successfully
2024-11-12 00:12:36,808 - INFO - Waiting for jupyter output file: all\transactions_7hn8Zs3yCxE4ucyNyyVFfy3Y2UN5KSDYuZC3pCoTpump.json
2024-11-12 00:12:37,825 - INFO - Found jupyter output file: all\transactions_7hn8Zs3yCxE4ucyNyyVFfy3Y2UN5KSDYuZC3pCoTpump.json
2024-11-12 00:12:39,840 - INFO - Running convertv2
2024-11-12 00:12:43,709 - INFO - Convertv2 completed successfully
2024-11-12 00:12:46,722 - INFO - Waiting for convert output files for address: 7hn8Zs3yCxE4ucyNyyVFfy3Y2UN5KSDYuZC3pCoTpump
2024-11-12 00:12:50,788 - INFO - Copied files to pameligo\newyesV2
2024-11-12 00:12:50,790 - INFO - Deleted all\transactions_7hn8Zs3yCxE4ucyNyyVFfy3Y2UN5KSDYuZC3pCoTpump.json
2024-11-12 00:12:55,801 - INFO - 
Processing address: 814XcSSu5DV917awoWH2ukNRrMWQtxqYKWfzH4EPpump
2024-11-12 00:12:55,802 - INFO - Running jupyter for address: 814XcSSu5DV917awoWH2ukNRrMWQtxqYKWfzH4EPpump
2024-11-12 00:13:29,031 - INFO - Jupyter completed successfully
2024-11-12 00:13:34,043 - INFO - Waiting for jupyter output file: all\transactions_814XcSSu5DV917awoWH2ukNRrMWQtxqYKWfzH4EPpump.json
2024-11-12 00:13:35,049 - INFO - Found jupyter output file: all\transactions_814XcSSu5DV917awoWH2ukNRrMWQtxqYKWfzH4EPpump.json
2024-11-12 00:13:37,054 - INFO - Running convertv2
2024-11-12 00:13:41,032 - INFO - Convertv2 completed successfully
2024-11-12 00:13:44,041 - INFO - Waiting for convert output files for address: 814XcSSu5DV917awoWH2ukNRrMWQtxqYKWfzH4EPpump
2024-11-12 00:13:48,106 - INFO - Copied files to pameligo\newyesV2
2024-11-12 00:13:48,108 - INFO - Deleted all\transactions_814XcSSu5DV917awoWH2ukNRrMWQtxqYKWfzH4EPpump.json
2024-11-12 00:13:53,120 - INFO - 
Processing address: 8G5bDBKELqGkK7WFythXsSVQRbtoJyKFKMb7MCARY9oG
2024-11-12 00:13:53,121 - INFO - Running jupyter for address: 8G5bDBKELqGkK7WFythXsSVQRbtoJyKFKMb7MCARY9oG
2024-11-12 00:14:01,537 - INFO - Jupyter completed successfully
2024-11-12 00:14:06,551 - INFO - Waiting for jupyter output file: all\transactions_8G5bDBKELqGkK7WFythXsSVQRbtoJyKFKMb7MCARY9oG.json
2024-11-12 00:14:07,558 - INFO - Found jupyter output file: all\transactions_8G5bDBKELqGkK7WFythXsSVQRbtoJyKFKMb7MCARY9oG.json
2024-11-12 00:14:09,571 - INFO - Running convertv2
2024-11-12 00:14:13,292 - INFO - Convertv2 completed successfully
2024-11-12 00:14:16,306 - INFO - Waiting for convert output files for address: 8G5bDBKELqGkK7WFythXsSVQRbtoJyKFKMb7MCARY9oG
2024-11-12 00:14:20,351 - INFO - Copied files to pameligo\newyesV2
2024-11-12 00:14:20,352 - INFO - Deleted all\transactions_8G5bDBKELqGkK7WFythXsSVQRbtoJyKFKMb7MCARY9oG.json
2024-11-12 00:14:25,365 - INFO - 
Processing address: 8U4SVP8s7QoStRFncoSuKxQeQ9RsaHVgXzGKc7BrRX3Z
2024-11-12 00:14:25,365 - INFO - Running jupyter for address: 8U4SVP8s7QoStRFncoSuKxQeQ9RsaHVgXzGKc7BrRX3Z
2024-11-12 00:15:01,017 - INFO - Jupyter completed successfully
2024-11-12 00:15:06,026 - INFO - Waiting for jupyter output file: all\transactions_8U4SVP8s7QoStRFncoSuKxQeQ9RsaHVgXzGKc7BrRX3Z.json
2024-11-12 00:15:07,040 - INFO - Found jupyter output file: all\transactions_8U4SVP8s7QoStRFncoSuKxQeQ9RsaHVgXzGKc7BrRX3Z.json
2024-11-12 00:15:09,045 - INFO - Running convertv2
2024-11-12 00:15:12,823 - INFO - Convertv2 completed successfully
2024-11-12 00:15:15,838 - INFO - Waiting for convert output files for address: 8U4SVP8s7QoStRFncoSuKxQeQ9RsaHVgXzGKc7BrRX3Z
2024-11-12 00:15:19,877 - INFO - Copied files to pameligo\newyesV2
2024-11-12 00:15:19,878 - INFO - Deleted all\transactions_8U4SVP8s7QoStRFncoSuKxQeQ9RsaHVgXzGKc7BrRX3Z.json
2024-11-12 00:15:24,897 - INFO - 
Processing address: 9DVCxF84BRzeDYMftcRr9aAaFH7mveFFvSS9WXEspump
2024-11-12 00:15:24,899 - INFO - Running jupyter for address: 9DVCxF84BRzeDYMftcRr9aAaFH7mveFFvSS9WXEspump
2024-11-12 00:15:41,676 - INFO - Jupyter completed successfully
2024-11-12 00:15:46,692 - INFO - Waiting for jupyter output file: all\transactions_9DVCxF84BRzeDYMftcRr9aAaFH7mveFFvSS9WXEspump.json
2024-11-12 00:15:47,709 - INFO - Found jupyter output file: all\transactions_9DVCxF84BRzeDYMftcRr9aAaFH7mveFFvSS9WXEspump.json
2024-11-12 00:15:49,718 - INFO - Running convertv2
2024-11-12 00:15:53,476 - INFO - Convertv2 completed successfully
2024-11-12 00:15:56,484 - INFO - Waiting for convert output files for address: 9DVCxF84BRzeDYMftcRr9aAaFH7mveFFvSS9WXEspump
2024-11-12 00:16:00,561 - INFO - Copied files to pameligo\newyesV2
2024-11-12 00:16:00,563 - INFO - Deleted all\transactions_9DVCxF84BRzeDYMftcRr9aAaFH7mveFFvSS9WXEspump.json
2024-11-12 00:16:05,579 - INFO - 
Processing address: 9LJAmLvxQskx6uT93TSREhXAW7hRS5uzo18JSbD33vK4
2024-11-12 00:16:05,580 - INFO - Running jupyter for address: 9LJAmLvxQskx6uT93TSREhXAW7hRS5uzo18JSbD33vK4
2024-11-12 00:16:24,741 - INFO - Jupyter completed successfully
2024-11-12 00:16:29,750 - INFO - Waiting for jupyter output file: all\transactions_9LJAmLvxQskx6uT93TSREhXAW7hRS5uzo18JSbD33vK4.json
2024-11-12 00:16:30,753 - INFO - Found jupyter output file: all\transactions_9LJAmLvxQskx6uT93TSREhXAW7hRS5uzo18JSbD33vK4.json
2024-11-12 00:16:32,756 - INFO - Running convertv2
2024-11-12 00:16:36,538 - INFO - Convertv2 completed successfully
2024-11-12 00:16:39,544 - INFO - Waiting for convert output files for address: 9LJAmLvxQskx6uT93TSREhXAW7hRS5uzo18JSbD33vK4
2024-11-12 00:16:43,606 - INFO - Copied files to pameligo\newyesV2
2024-11-12 00:16:43,607 - INFO - Deleted all\transactions_9LJAmLvxQskx6uT93TSREhXAW7hRS5uzo18JSbD33vK4.json
2024-11-12 00:16:48,621 - INFO - 
Processing address: Bzvfo8HKh9pCWyK62gHq7Tt8n6sVTUZmH2YPTkp1pump
2024-11-12 00:16:48,623 - INFO - Running jupyter for address: Bzvfo8HKh9pCWyK62gHq7Tt8n6sVTUZmH2YPTkp1pump
2024-11-12 00:17:10,516 - INFO - Jupyter completed successfully
2024-11-12 00:17:15,518 - INFO - Waiting for jupyter output file: all\transactions_Bzvfo8HKh9pCWyK62gHq7Tt8n6sVTUZmH2YPTkp1pump.json
2024-11-12 00:17:16,521 - INFO - Found jupyter output file: all\transactions_Bzvfo8HKh9pCWyK62gHq7Tt8n6sVTUZmH2YPTkp1pump.json
2024-11-12 00:17:18,528 - INFO - Running convertv2
2024-11-12 00:17:22,388 - INFO - Convertv2 completed successfully
2024-11-12 00:17:25,393 - INFO - Waiting for convert output files for address: Bzvfo8HKh9pCWyK62gHq7Tt8n6sVTUZmH2YPTkp1pump
2024-11-12 00:17:29,455 - INFO - Copied files to pameligo\newyesV2
2024-11-12 00:17:29,456 - INFO - Deleted all\transactions_Bzvfo8HKh9pCWyK62gHq7Tt8n6sVTUZmH2YPTkp1pump.json
2024-11-12 00:17:34,470 - INFO - 
Processing address: Crkh8vfGP5EdQveHeHog9LBtf4emhztcEtMyTsU5pump
2024-11-12 00:17:34,471 - INFO - Running jupyter for address: Crkh8vfGP5EdQveHeHog9LBtf4emhztcEtMyTsU5pump
2024-11-12 00:17:48,340 - INFO - Jupyter completed successfully
2024-11-12 00:17:53,347 - INFO - Waiting for jupyter output file: all\transactions_Crkh8vfGP5EdQveHeHog9LBtf4emhztcEtMyTsU5pump.json
2024-11-12 00:17:54,352 - INFO - Found jupyter output file: all\transactions_Crkh8vfGP5EdQveHeHog9LBtf4emhztcEtMyTsU5pump.json
2024-11-12 00:17:56,356 - INFO - Running convertv2
2024-11-12 00:18:00,137 - INFO - Convertv2 completed successfully
2024-11-12 00:18:03,146 - INFO - Waiting for convert output files for address: Crkh8vfGP5EdQveHeHog9LBtf4emhztcEtMyTsU5pump
2024-11-12 00:18:07,167 - INFO - Copied files to pameligo\newyesV2
2024-11-12 00:18:07,168 - INFO - Deleted all\transactions_Crkh8vfGP5EdQveHeHog9LBtf4emhztcEtMyTsU5pump.json
2024-11-12 00:18:12,171 - INFO - 
Processing address: CXZURrQoiUeWsaxZWMdccEMLZYHcA4wwPPUzfcc4TcBT
2024-11-12 00:18:12,171 - INFO - Running jupyter for address: CXZURrQoiUeWsaxZWMdccEMLZYHcA4wwPPUzfcc4TcBT
2024-11-12 00:18:32,219 - INFO - Jupyter completed successfully
2024-11-12 00:18:37,221 - INFO - Waiting for jupyter output file: all\transactions_CXZURrQoiUeWsaxZWMdccEMLZYHcA4wwPPUzfcc4TcBT.json
2024-11-12 00:18:38,233 - INFO - Found jupyter output file: all\transactions_CXZURrQoiUeWsaxZWMdccEMLZYHcA4wwPPUzfcc4TcBT.json
2024-11-12 00:18:40,249 - INFO - Running convertv2
2024-11-12 00:18:43,978 - INFO - Convertv2 completed successfully
2024-11-12 00:18:46,992 - INFO - Waiting for convert output files for address: CXZURrQoiUeWsaxZWMdccEMLZYHcA4wwPPUzfcc4TcBT
2024-11-12 00:18:51,072 - INFO - Copied files to pameligo\newyesV2
2024-11-12 00:18:51,074 - INFO - Deleted all\transactions_CXZURrQoiUeWsaxZWMdccEMLZYHcA4wwPPUzfcc4TcBT.json
2024-11-12 00:18:56,082 - INFO - 
Processing address: Dc6CzgGtvPS96henxfdmuugxcZQNKtXQskEiLsEGq9GN
2024-11-12 00:18:56,084 - INFO - Running jupyter for address: Dc6CzgGtvPS96henxfdmuugxcZQNKtXQskEiLsEGq9GN
2024-11-12 00:19:23,111 - INFO - Jupyter completed successfully
2024-11-12 00:19:28,125 - INFO - Waiting for jupyter output file: all\transactions_Dc6CzgGtvPS96henxfdmuugxcZQNKtXQskEiLsEGq9GN.json
2024-11-12 00:19:29,132 - INFO - Found jupyter output file: all\transactions_Dc6CzgGtvPS96henxfdmuugxcZQNKtXQskEiLsEGq9GN.json
2024-11-12 00:19:31,146 - INFO - Running convertv2
2024-11-12 00:19:34,911 - INFO - Convertv2 completed successfully
2024-11-12 00:19:37,912 - INFO - Waiting for convert output files for address: Dc6CzgGtvPS96henxfdmuugxcZQNKtXQskEiLsEGq9GN
2024-11-12 00:19:41,993 - INFO - Copied files to pameligo\newyesV2
2024-11-12 00:19:41,994 - INFO - Deleted all\transactions_Dc6CzgGtvPS96henxfdmuugxcZQNKtXQskEiLsEGq9GN.json
2024-11-12 00:19:47,007 - INFO - 
Processing address: EsEc2rQaLKqSwgvdg44M3sBRLbmDtiSaQCDEYniA5XTu
2024-11-12 00:19:47,007 - INFO - Running jupyter for address: EsEc2rQaLKqSwgvdg44M3sBRLbmDtiSaQCDEYniA5XTu
2024-11-12 00:20:05,011 - INFO - Jupyter completed successfully
2024-11-12 00:20:10,018 - INFO - Waiting for jupyter output file: all\transactions_EsEc2rQaLKqSwgvdg44M3sBRLbmDtiSaQCDEYniA5XTu.json
2024-11-12 00:20:11,023 - INFO - Found jupyter output file: all\transactions_EsEc2rQaLKqSwgvdg44M3sBRLbmDtiSaQCDEYniA5XTu.json
2024-11-12 00:20:13,029 - INFO - Running convertv2
2024-11-12 00:20:16,797 - INFO - Convertv2 completed successfully
2024-11-12 00:20:19,802 - INFO - Waiting for convert output files for address: EsEc2rQaLKqSwgvdg44M3sBRLbmDtiSaQCDEYniA5XTu
2024-11-12 00:20:23,874 - INFO - Copied files to pameligo\newyesV2
2024-11-12 00:20:23,877 - INFO - Deleted all\transactions_EsEc2rQaLKqSwgvdg44M3sBRLbmDtiSaQCDEYniA5XTu.json
2024-11-12 00:20:28,893 - INFO - 
Processing address: FN8kNNeDip6rdfwBau21Gw1AoQcMSPhti5nNKKNn5rTf
2024-11-12 00:20:28,893 - INFO - Running jupyter for address: FN8kNNeDip6rdfwBau21Gw1AoQcMSPhti5nNKKNn5rTf
2024-11-12 00:20:46,632 - INFO - Jupyter completed successfully
2024-11-12 00:20:51,641 - INFO - Waiting for jupyter output file: all\transactions_FN8kNNeDip6rdfwBau21Gw1AoQcMSPhti5nNKKNn5rTf.json
2024-11-12 00:20:52,655 - INFO - Found jupyter output file: all\transactions_FN8kNNeDip6rdfwBau21Gw1AoQcMSPhti5nNKKNn5rTf.json
2024-11-12 00:20:54,659 - INFO - Running convertv2
2024-11-12 00:20:58,546 - INFO - Convertv2 completed successfully
2024-11-12 00:21:01,555 - INFO - Waiting for convert output files for address: FN8kNNeDip6rdfwBau21Gw1AoQcMSPhti5nNKKNn5rTf
2024-11-12 00:21:05,626 - INFO - Copied files to pameligo\newyesV2
2024-11-12 00:21:05,628 - INFO - Deleted all\transactions_FN8kNNeDip6rdfwBau21Gw1AoQcMSPhti5nNKKNn5rTf.json
2024-11-12 00:21:10,652 - INFO - 
Processing address: H43RvZcEy2Prc6P6suFXznTgD8SkD9cBwK3Nm9MLbhEr
2024-11-12 00:21:10,653 - INFO - Running jupyter for address: H43RvZcEy2Prc6P6suFXznTgD8SkD9cBwK3Nm9MLbhEr
2024-11-12 00:21:31,561 - INFO - Jupyter completed successfully
2024-11-12 00:21:36,562 - INFO - Waiting for jupyter output file: all\transactions_H43RvZcEy2Prc6P6suFXznTgD8SkD9cBwK3Nm9MLbhEr.json
2024-11-12 00:21:37,567 - INFO - Found jupyter output file: all\transactions_H43RvZcEy2Prc6P6suFXznTgD8SkD9cBwK3Nm9MLbhEr.json
2024-11-12 00:21:39,570 - INFO - Running convertv2
2024-11-12 00:21:43,594 - INFO - Convertv2 completed successfully
2024-11-12 00:21:46,598 - INFO - Waiting for convert output files for address: H43RvZcEy2Prc6P6suFXznTgD8SkD9cBwK3Nm9MLbhEr
2024-11-12 00:21:50,658 - INFO - Copied files to pameligo\newyesV2
2024-11-12 00:21:50,661 - INFO - Deleted all\transactions_H43RvZcEy2Prc6P6suFXznTgD8SkD9cBwK3Nm9MLbhEr.json
2024-11-12 00:21:55,682 - INFO - 
Processing address: HaksQuw1dk5MRJc4UR9VCNyhs2n3Lrzw7zmg3Topump
2024-11-12 00:21:55,683 - INFO - Running jupyter for address: HaksQuw1dk5MRJc4UR9VCNyhs2n3Lrzw7zmg3Topump
2024-11-12 00:22:13,133 - INFO - Jupyter completed successfully
2024-11-12 00:22:18,138 - INFO - Waiting for jupyter output file: all\transactions_HaksQuw1dk5MRJc4UR9VCNyhs2n3Lrzw7zmg3Topump.json
2024-11-12 00:22:19,153 - INFO - Found jupyter output file: all\transactions_HaksQuw1dk5MRJc4UR9VCNyhs2n3Lrzw7zmg3Topump.json
2024-11-12 00:22:21,161 - INFO - Running convertv2
2024-11-12 00:22:24,920 - INFO - Convertv2 completed successfully
2024-11-12 00:22:27,922 - INFO - Waiting for convert output files for address: HaksQuw1dk5MRJc4UR9VCNyhs2n3Lrzw7zmg3Topump
2024-11-12 00:22:31,997 - INFO - Copied files to pameligo\newyesV2
2024-11-12 00:22:31,999 - INFO - Deleted all\transactions_HaksQuw1dk5MRJc4UR9VCNyhs2n3Lrzw7zmg3Topump.json
2024-11-12 00:22:37,006 - INFO - 
Processing address: rznwWLa5Dqp1YN55iwXFio83jZiydPAjxJzPUx1iF8U
2024-11-12 00:22:37,007 - INFO - Running jupyter for address: rznwWLa5Dqp1YN55iwXFio83jZiydPAjxJzPUx1iF8U
2024-11-12 00:23:08,213 - INFO - Jupyter completed successfully
2024-11-12 00:23:13,216 - INFO - Waiting for jupyter output file: all\transactions_rznwWLa5Dqp1YN55iwXFio83jZiydPAjxJzPUx1iF8U.json
2024-11-12 00:23:14,228 - INFO - Found jupyter output file: all\transactions_rznwWLa5Dqp1YN55iwXFio83jZiydPAjxJzPUx1iF8U.json
2024-11-12 00:23:16,235 - INFO - Running convertv2
2024-11-12 00:23:20,045 - INFO - Convertv2 completed successfully
2024-11-12 00:23:23,059 - INFO - Waiting for convert output files for address: rznwWLa5Dqp1YN55iwXFio83jZiydPAjxJzPUx1iF8U
2024-11-12 00:23:27,095 - INFO - Copied files to pameligo\newyesV2
2024-11-12 00:23:27,097 - INFO - Deleted all\transactions_rznwWLa5Dqp1YN55iwXFio83jZiydPAjxJzPUx1iF8U.json
2024-11-12 00:23:32,116 - INFO - 
Processing address: rznwWLa5Dqp1YN55iwXFio83jZiydPAjxJzPUx1iF8U
2024-11-12 00:23:32,117 - INFO - Running jupyter for address: rznwWLa5Dqp1YN55iwXFio83jZiydPAjxJzPUx1iF8U
2024-11-12 00:23:52,093 - INFO - Jupyter completed successfully
2024-11-12 00:23:57,102 - INFO - Waiting for jupyter output file: all\transactions_rznwWLa5Dqp1YN55iwXFio83jZiydPAjxJzPUx1iF8U.json
2024-11-12 00:23:58,120 - INFO - Found jupyter output file: all\transactions_rznwWLa5Dqp1YN55iwXFio83jZiydPAjxJzPUx1iF8U.json
2024-11-12 00:24:00,128 - INFO - Running convertv2
2024-11-12 00:24:04,011 - INFO - Convertv2 completed successfully
2024-11-12 00:24:07,011 - INFO - Waiting for convert output files for address: rznwWLa5Dqp1YN55iwXFio83jZiydPAjxJzPUx1iF8U
2024-11-12 00:24:11,084 - INFO - Copied files to pameligo\newyesV2
2024-11-12 00:24:11,089 - INFO - Deleted all\transactions_rznwWLa5Dqp1YN55iwXFio83jZiydPAjxJzPUx1iF8U.json
2024-11-12 00:24:16,095 - INFO - 
Processing address: xa4HuyhdMAvGeBma7Yf1VPbBpCqH9eRDrD6s5yz9Ryz
2024-11-12 00:24:16,097 - INFO - Running jupyter for address: xa4HuyhdMAvGeBma7Yf1VPbBpCqH9eRDrD6s5yz9Ryz
2024-11-12 00:24:22,009 - INFO - Jupyter completed successfully
2024-11-12 00:24:27,015 - INFO - Waiting for jupyter output file: all\transactions_xa4HuyhdMAvGeBma7Yf1VPbBpCqH9eRDrD6s5yz9Ryz.json
2024-11-12 00:24:28,027 - INFO - Found jupyter output file: all\transactions_xa4HuyhdMAvGeBma7Yf1VPbBpCqH9eRDrD6s5yz9Ryz.json
2024-11-12 00:24:30,038 - INFO - Running convertv2
2024-11-12 00:24:33,772 - INFO - Convertv2 completed successfully
2024-11-12 00:24:36,780 - INFO - Waiting for convert output files for address: xa4HuyhdMAvGeBma7Yf1VPbBpCqH9eRDrD6s5yz9Ryz
2024-11-12 00:24:40,840 - INFO - Copied files to pameligo\newyesV2
2024-11-12 00:24:40,841 - INFO - Deleted all\transactions_xa4HuyhdMAvGeBma7Yf1VPbBpCqH9eRDrD6s5yz9Ryz.json
2024-11-12 00:24:45,865 - INFO - 
Processing address: z7UCvCtge4GguSwukdGvbfytb1LwwqHLZykJbuZpump
2024-11-12 00:24:45,865 - INFO - Running jupyter for address: z7UCvCtge4GguSwukdGvbfytb1LwwqHLZykJbuZpump
2024-11-12 00:25:04,878 - INFO - Jupyter completed successfully
2024-11-12 00:25:09,890 - INFO - Waiting for jupyter output file: all\transactions_z7UCvCtge4GguSwukdGvbfytb1LwwqHLZykJbuZpump.json
2024-11-12 00:25:10,894 - INFO - Found jupyter output file: all\transactions_z7UCvCtge4GguSwukdGvbfytb1LwwqHLZykJbuZpump.json
2024-11-12 00:25:12,901 - INFO - Running convertv2
2024-11-12 00:25:16,735 - INFO - Convertv2 completed successfully
2024-11-12 00:25:19,739 - INFO - Waiting for convert output files for address: z7UCvCtge4GguSwukdGvbfytb1LwwqHLZykJbuZpump
2024-11-12 00:25:23,814 - INFO - Copied files to pameligo\newyesV2
2024-11-12 00:25:23,816 - INFO - Deleted all\transactions_z7UCvCtge4GguSwukdGvbfytb1LwwqHLZykJbuZpump.json
2024-11-12 00:25:28,827 - INFO - 
Processing complete:
2024-11-12 00:25:28,829 - INFO - Successfully processed: 27
2024-11-12 00:25:28,830 - INFO - Failed: 1
