2024-11-12 00:00:12,810 - INFO - Starting data cleaning process
2024-11-12 00:00:12,812 - INFO - Found 28 enhanced files to process
2024-11-12 00:00:12,812 - INFO - 
Processing address: 1AYfkEgbjZQTn7DoUHxT1oDHZEUKd7JSwwXFvmGGTMi
2024-11-12 00:00:12,813 - INFO - Running jupyter for address: 1AYfkEgbjZQTn7DoUHxT1oDHZEUKd7JSwwXFvmGGTMi
2024-11-12 00:00:59,582 - INFO - Jupyter completed successfully
2024-11-12 00:01:04,591 - INFO - Waiting for jupyter output file: all\transactions_1AYfkEgbjZQTn7DoUHxT1oDHZEUKd7JSwwXFvmGGTMi.json
2024-11-12 00:01:05,598 - INFO - Found jupyter output file: all\transactions_1AYfkEgbjZQTn7DoUHxT1oDHZEUKd7JSwwXFvmGGTMi.json
2024-11-12 00:01:07,602 - INFO - Running convertv2
2024-11-12 00:01:11,594 - INFO - Convertv2 completed successfully
2024-11-12 00:01:14,609 - INFO - Waiting for convert output files for address: 1AYfkEgbjZQTn7DoUHxT1oDHZEUKd7JSwwXFvmGGTMi
2024-11-12 00:01:18,673 - INFO - Copied files to pameligo\newyesV2
2024-11-12 00:01:18,675 - INFO - Deleted all\transactions_1AYfkEgbjZQTn7DoUHxT1oDHZEUKd7JSwwXFvmGGTMi.json
2024-11-12 00:01:23,690 - INFO - 
Processing address: 2fzyLuJVHy44q5mhpPJ2J1f7wyKpVM5A1RVVkiASpump
2024-11-12 00:01:23,691 - INFO - Running jupyter for address: 2fzyLuJVHy44q5mhpPJ2J1f7wyKpVM5A1RVVkiASpump
2024-11-12 00:01:29,368 - INFO - Jupyter completed successfully
2024-11-12 00:01:34,370 - INFO - Waiting for jupyter output file: all\transactions_2fzyLuJVHy44q5mhpPJ2J1f7wyKpVM5A1RVVkiASpump.json
2024-11-12 00:01:35,372 - INFO - Found jupyter output file: all\transactions_2fzyLuJVHy44q5mhpPJ2J1f7wyKpVM5A1RVVkiASpump.json
2024-11-12 00:01:37,374 - INFO - Running convertv2
2024-11-12 00:01:41,294 - INFO - Convertv2 completed successfully
2024-11-12 00:01:44,308 - INFO - Waiting for convert output files for address: 2fzyLuJVHy44q5mhpPJ2J1f7wyKpVM5A1RVVkiASpump
2024-11-12 00:01:48,369 - INFO - Copied files to pameligo\newyesV2
2024-11-12 00:01:48,370 - INFO - Deleted all\transactions_2fzyLuJVHy44q5mhpPJ2J1f7wyKpVM5A1RVVkiASpump.json
2024-11-12 00:01:53,400 - INFO - 
Processing address: 2m7trkhgZ7kxA3VtUNL5R2cjEDtFYL8PkostxJm7BUi8
2024-11-12 00:01:53,400 - INFO - Running jupyter for address: 2m7trkhgZ7kxA3VtUNL5R2cjEDtFYL8PkostxJm7BUi8
2024-11-12 00:02:26,575 - INFO - Jupyter completed successfully
2024-11-12 00:02:31,583 - INFO - Waiting for jupyter output file: all\transactions_2m7trkhgZ7kxA3VtUNL5R2cjEDtFYL8PkostxJm7BUi8.json
2024-11-12 00:02:32,600 - INFO - Found jupyter output file: all\transactions_2m7trkhgZ7kxA3VtUNL5R2cjEDtFYL8PkostxJm7BUi8.json
2024-11-12 00:02:34,613 - INFO - Running convertv2
2024-11-12 00:02:38,534 - INFO - Convertv2 completed successfully
2024-11-12 00:02:41,535 - INFO - Waiting for convert output files for address: 2m7trkhgZ7kxA3VtUNL5R2cjEDtFYL8PkostxJm7BUi8
2024-11-12 00:02:45,573 - INFO - Copied files to pameligo\newyesV2
2024-11-12 00:02:45,574 - INFO - Deleted all\transactions_2m7trkhgZ7kxA3VtUNL5R2cjEDtFYL8PkostxJm7BUi8.json
2024-11-12 00:02:50,618 - INFO - 
Processing address: 4iksgnPfVeAsG1UeovNNiuJTLvhJV8cXm97rPsDdpump
2024-11-12 00:02:50,619 - INFO - Running jupyter for address: 4iksgnPfVeAsG1UeovNNiuJTLvhJV8cXm97rPsDdpump
2024-11-12 00:03:03,674 - INFO - Jupyter completed successfully
2024-11-12 00:03:08,689 - INFO - Waiting for jupyter output file: all\transactions_4iksgnPfVeAsG1UeovNNiuJTLvhJV8cXm97rPsDdpump.json
2024-11-12 00:03:09,694 - INFO - Found jupyter output file: all\transactions_4iksgnPfVeAsG1UeovNNiuJTLvhJV8cXm97rPsDdpump.json
2024-11-12 00:03:11,716 - INFO - Running convertv2
2024-11-12 00:03:15,968 - INFO - Convertv2 completed successfully
2024-11-12 00:03:18,970 - INFO - Waiting for convert output files for address: 4iksgnPfVeAsG1UeovNNiuJTLvhJV8cXm97rPsDdpump
2024-11-12 00:03:23,040 - INFO - Copied files to pameligo\newyesV2
2024-11-12 00:03:23,042 - INFO - Deleted all\transactions_4iksgnPfVeAsG1UeovNNiuJTLvhJV8cXm97rPsDdpump.json
2024-11-12 00:03:28,074 - INFO - 
Processing address: 4JY6Lep57Edxr7X2BmrnhNBRLaCfRvZM7JJ84kqmHxBH
2024-11-12 00:03:28,076 - INFO - Running jupyter for address: 4JY6Lep57Edxr7X2BmrnhNBRLaCfRvZM7JJ84kqmHxBH
2024-11-12 00:03:40,531 - INFO - 
Process interrupted by user
2024-11-12 00:03:40,532 - INFO - 
Processing complete:
2024-11-12 00:03:40,533 - INFO - Successfully processed: 4
2024-11-12 00:03:40,534 - INFO - Failed: 0
