[2024-11-12 01:58:24] Transaction file updated: transactions_DHj48rJW1nLYUVNJdF9KCfsQrYSkHT3bEUA8yM1Spump.json (10356.8 KB)
[2024-11-12 01:58:24] 
Step 2: Running convertV2.py...
[2024-11-12 01:58:27] Generated files:
[2024-11-12 01:58:27] Enhanced: enhanced_DHj48rJW1nLYUVNJdF9KCfsQrYSkHT3bEUA8yM1Spump_36404.json
[2024-11-12 01:58:27] Price history: price_history_DHj48rJW1nLYUVNJdF9KCfsQrYSkHT3bEUA8yM1Spump_36404.json
[2024-11-12 01:58:27] 
Step 3: Moving files to pameligo directory...
[2024-11-12 01:58:27] Files moved successfully to pameligo directory
[2024-11-12 01:58:27] 
Step 4: Running PredictorV3...
[2024-11-12 01:58:29] Prediction completed successfully
[2024-11-12 01:58:29] Loading data completed...
Price data shape: (7, 8)
Enhanced data shape: (3, 3)

Price data columns: ['timestamp', 'date', 'token_amount', 'sol_amount', 'price_in_sol', 'price_in_usd', 'market_cap', 'signature']
Created 3 windows

=== Market Cap Predictions (3 windows) ===

Window 1:
Time: 2024-11-12 01:33:49 to 2024-11-12 01:33:59
Market Cap: $5,000.00
Prediction: PUMP (98.2%)
Actual Outcome: PUMP
Max Future MCap: $36,404.08

Window 2:
Time: 2024-11-12 01:33:59 to 2024-11-12 01:34:09
Market Cap: $36,404.08
Prediction: NO PUMP (6.0%)
Actual Outcome: NO PUMP
Max Future MCap: $36,371.18

Window 3:
Time: 2024-11-12 01:34:09 to 2024-11-12 01:34:19
Market Cap: $36,371.18
Prediction: NO PUMP (17.6%)
Prediction Accuracy: 100.0%

[2024-11-12 01:58:29] === Completed iteration 1 ===
[2024-11-12 01:58:29] Waiting 30 seconds before next iteration...
[2024-11-12 01:58:34] 
=== Starting iteration 2 ===
[2024-11-12 01:58:34] 
Step 1: Running jupyterV2.py...
[2024-11-12 01:58:36] Transaction file updated: transactions_DHj48rJW1nLYUVNJdF9KCfsQrYSkHT3bEUA8yM1Spump.json (10356.8 KB)
[2024-11-12 01:58:36] 
Step 2: Running convertV2.py...
[2024-11-12 01:58:38] Generated files:
[2024-11-12 01:58:38] Enhanced: enhanced_DHj48rJW1nLYUVNJdF9KCfsQrYSkHT3bEUA8yM1Spump_36404.json
[2024-11-12 01:58:38] Price history: price_history_DHj48rJW1nLYUVNJdF9KCfsQrYSkHT3bEUA8yM1Spump_36404.json
[2024-11-12 01:58:38] 
Step 3: Moving files to pameligo directory...
[2024-11-12 01:58:38] Files moved successfully to pameligo directory
[2024-11-12 01:58:38] 
Step 4: Running PredictorV3...
[2024-11-12 01:58:40] Prediction completed successfully
[2024-11-12 01:58:40] Loading data completed...
Price data shape: (7, 8)
Enhanced data shape: (3, 3)

Price data columns: ['timestamp', 'date', 'token_amount', 'sol_amount', 'price_in_sol', 'price_in_usd', 'market_cap', 'signature']
Created 3 windows

=== Market Cap Predictions (3 windows) ===

Window 1:
Time: 2024-11-12 01:33:49 to 2024-11-12 01:33:59
Market Cap: $5,000.00
Prediction: PUMP (98.2%)
Actual Outcome: PUMP
Max Future MCap: $36,404.08

Window 2:
Time: 2024-11-12 01:33:59 to 2024-11-12 01:34:09
Market Cap: $36,404.08
Prediction: NO PUMP (6.0%)
Actual Outcome: NO PUMP
Max Future MCap: $36,371.18

Window 3:
Time: 2024-11-12 01:34:09 to 2024-11-12 01:34:19
Market Cap: $36,371.18
Prediction: NO PUMP (17.6%)
Prediction Accuracy: 100.0%

[2024-11-12 01:58:40] === Completed iteration 2 ===
[2024-11-12 01:58:40] Waiting 30 seconds before next iteration...
[2024-11-12 01:58:45] 
=== Starting iteration 3 ===
[2024-11-12 01:58:45] 
Step 1: Running jupyterV2.py...
[2024-11-12 01:58:47] Transaction file updated: transactions_DHj48rJW1nLYUVNJdF9KCfsQrYSkHT3bEUA8yM1Spump.json (10356.8 KB)
[2024-11-12 01:58:47] 
Step 2: Running convertV2.py...
[2024-11-12 01:58:47] 
Pipeline stopped by user
