[2024-11-12 02:16:01] Starting continuous pipeline for coin address: G5AvRvdM4tKdXeLiN3qF9qMCfhbPmo2TLvxwqWRupump
[2024-11-12 02:16:01] 
=== Starting iteration 1 ===
[2024-11-12 02:16:01] 
Step 1: Running jupyterV2.py...
[2024-11-12 02:16:06] Transaction file updated: transactions_G5AvRvdM4tKdXeLiN3qF9qMCfhbPmo2TLvxwqWRupump.json (113.1 KB)
[2024-11-12 02:16:06] 
Step 2: Running convertV2.py...
[2024-11-12 02:16:10] Generated files:
[2024-11-12 02:16:10] Enhanced: enhanced_G5AvRvdM4tKdXeLiN3qF9qMCfhbPmo2TLvxwqWRupump_5000.json
[2024-11-12 02:16:10] Price history: price_history_G5AvRvdM4tKdXeLiN3qF9qMCfhbPmo2TLvxwqWRupump_5000.json
[2024-11-12 02:16:10] 
Step 3: Moving files to pameligo directory...
[2024-11-12 02:16:10] Files moved successfully to pameligo directory
[2024-11-12 02:16:10] 
Step 4: Running PredictorV3...
[2024-11-12 02:16:13] Prediction completed successfully
[2024-11-12 02:16:13] Loading data completed...
Price data shape: (5, 8)
Enhanced data shape: (1, 3)

Price data columns: ['timestamp', 'date', 'token_amount', 'sol_amount', 'price_in_sol', 'price_in_usd', 'market_cap', 'signature']
Created 0 windows

=== Market Cap Predictions (0 windows) ===

[2024-11-12 02:16:13] === Completed iteration 1 ===
[2024-11-12 02:16:13] Waiting 30 seconds before next iteration...
[2024-11-12 02:16:18] 
=== Starting iteration 2 ===
[2024-11-12 02:16:18] 
Step 1: Running jupyterV2.py...
[2024-11-12 02:16:20] Transaction file updated: transactions_G5AvRvdM4tKdXeLiN3qF9qMCfhbPmo2TLvxwqWRupump.json (738.4 KB)
[2024-11-12 02:16:20] 
Step 2: Running convertV2.py...
[2024-11-12 02:16:25] Generated files:
[2024-11-12 02:16:25] Enhanced: enhanced_G5AvRvdM4tKdXeLiN3qF9qMCfhbPmo2TLvxwqWRupump_34948.json
[2024-11-12 02:16:25] Price history: price_history_G5AvRvdM4tKdXeLiN3qF9qMCfhbPmo2TLvxwqWRupump_34948.json
[2024-11-12 02:16:25] 
Step 3: Moving files to pameligo directory...
[2024-11-12 02:16:25] Files moved successfully to pameligo directory
[2024-11-12 02:16:25] 
Step 4: Running PredictorV3...
[2024-11-12 02:16:29] Prediction completed successfully
[2024-11-12 02:16:29] Loading data completed...
Price data shape: (10, 8)
Enhanced data shape: (3, 3)

Price data columns: ['timestamp', 'date', 'token_amount', 'sol_amount', 'price_in_sol', 'price_in_usd', 'market_cap', 'signature']
Created 2 windows

=== Market Cap Predictions (2 windows) ===

Window 1:
Time: 2024-11-12 02:15:42 to 2024-11-12 02:15:52
Market Cap: $5,000.00
Prediction: PUMP (82.4%)
Actual Outcome: PUMP
Max Future MCap: $34,948.99

Window 2:
Time: 2024-11-12 02:15:52 to 2024-11-12 02:16:02
Market Cap: $34,948.99
Prediction: NO PUMP (8.7%)
Prediction Accuracy: 100.0%

[2024-11-12 02:16:29] === Completed iteration 2 ===
[2024-11-12 02:16:29] Waiting 30 seconds before next iteration...
[2024-11-12 02:16:34] 
=== Starting iteration 3 ===
[2024-11-12 02:16:34] 
Step 1: Running jupyterV2.py...
[2024-11-12 02:16:35] Transaction file updated: transactions_G5AvRvdM4tKdXeLiN3qF9qMCfhbPmo2TLvxwqWRupump.json (1354.6 KB)
[2024-11-12 02:16:35] 
Step 2: Running convertV2.py...
[2024-11-12 02:16:40] Generated files:
[2024-11-12 02:16:40] Enhanced: enhanced_G5AvRvdM4tKdXeLiN3qF9qMCfhbPmo2TLvxwqWRupump_34948.json
[2024-11-12 02:16:40] Price history: price_history_G5AvRvdM4tKdXeLiN3qF9qMCfhbPmo2TLvxwqWRupump_34948.json
[2024-11-12 02:16:40] 
Step 3: Moving files to pameligo directory...
[2024-11-12 02:16:40] Files moved successfully to pameligo directory
[2024-11-12 02:16:40] 
Step 4: Running PredictorV3...
[2024-11-12 02:16:44] Prediction completed successfully
[2024-11-12 02:16:44] Loading data completed...
Price data shape: (10, 8)
Enhanced data shape: (3, 3)

Price data columns: ['timestamp', 'date', 'token_amount', 'sol_amount', 'price_in_sol', 'price_in_usd', 'market_cap', 'signature']
Created 2 windows

=== Market Cap Predictions (2 windows) ===

Window 1:
Time: 2024-11-12 02:15:42 to 2024-11-12 02:15:52
Market Cap: $5,000.00
Prediction: PUMP (82.4%)
Actual Outcome: PUMP
Max Future MCap: $34,948.99

Window 2:
Time: 2024-11-12 02:15:52 to 2024-11-12 02:16:02
Market Cap: $34,948.99
Prediction: NO PUMP (8.7%)
Prediction Accuracy: 100.0%

[2024-11-12 02:16:44] === Completed iteration 3 ===
[2024-11-12 02:16:44] Waiting 30 seconds before next iteration...
[2024-11-12 02:16:49] 
=== Starting iteration 4 ===
[2024-11-12 02:16:49] 
Step 1: Running jupyterV2.py...
[2024-11-12 02:16:57] Transaction file updated: transactions_G5AvRvdM4tKdXeLiN3qF9qMCfhbPmo2TLvxwqWRupump.json (2167.5 KB)
[2024-11-12 02:16:57] 
Step 2: Running convertV2.py...
[2024-11-12 02:17:00] Generated files:
[2024-11-12 02:17:00] Enhanced: enhanced_G5AvRvdM4tKdXeLiN3qF9qMCfhbPmo2TLvxwqWRupump_34948.json
[2024-11-12 02:17:00] Price history: price_history_G5AvRvdM4tKdXeLiN3qF9qMCfhbPmo2TLvxwqWRupump_34948.json
[2024-11-12 02:17:00] 
Step 3: Moving files to pameligo directory...
[2024-11-12 02:17:00] Files moved successfully to pameligo directory
[2024-11-12 02:17:00] 
Step 4: Running PredictorV3...
[2024-11-12 02:17:03] Prediction completed successfully
[2024-11-12 02:17:03] Loading data completed...
Price data shape: (10, 8)
Enhanced data shape: (3, 3)

Price data columns: ['timestamp', 'date', 'token_amount', 'sol_amount', 'price_in_sol', 'price_in_usd', 'market_cap', 'signature']
Created 2 windows

=== Market Cap Predictions (2 windows) ===

Window 1:
Time: 2024-11-12 02:15:42 to 2024-11-12 02:15:52
Market Cap: $5,000.00
Prediction: PUMP (82.4%)
Actual Outcome: PUMP
Max Future MCap: $34,948.99

Window 2:
Time: 2024-11-12 02:15:52 to 2024-11-12 02:16:02
Market Cap: $34,948.99
Prediction: NO PUMP (8.7%)
Prediction Accuracy: 100.0%

[2024-11-12 02:17:03] === Completed iteration 4 ===
[2024-11-12 02:17:03] Waiting 30 seconds before next iteration...
[2024-11-12 02:17:08] 
=== Starting iteration 5 ===
[2024-11-12 02:17:08] 
Step 1: Running jupyterV2.py...
[2024-11-12 02:17:12] Transaction file updated: transactions_G5AvRvdM4tKdXeLiN3qF9qMCfhbPmo2TLvxwqWRupump.json (2812.3 KB)
[2024-11-12 02:17:12] 
Step 2: Running convertV2.py...
[2024-11-12 02:17:15] Generated files:
[2024-11-12 02:17:15] Enhanced: enhanced_G5AvRvdM4tKdXeLiN3qF9qMCfhbPmo2TLvxwqWRupump_34948.json
[2024-11-12 02:17:15] Price history: price_history_G5AvRvdM4tKdXeLiN3qF9qMCfhbPmo2TLvxwqWRupump_34948.json
[2024-11-12 02:17:15] 
Step 3: Moving files to pameligo directory...
[2024-11-12 02:17:15] Files moved successfully to pameligo directory
[2024-11-12 02:17:15] 
Step 4: Running PredictorV3...
[2024-11-12 02:17:18] Prediction completed successfully
[2024-11-12 02:17:18] Loading data completed...
Price data shape: (10, 8)
Enhanced data shape: (3, 3)

Price data columns: ['timestamp', 'date', 'token_amount', 'sol_amount', 'price_in_sol', 'price_in_usd', 'market_cap', 'signature']
Created 2 windows

=== Market Cap Predictions (2 windows) ===

Window 1:
Time: 2024-11-12 02:15:42 to 2024-11-12 02:15:52
Market Cap: $5,000.00
Prediction: PUMP (82.4%)
Actual Outcome: PUMP
Max Future MCap: $34,948.99

Window 2:
Time: 2024-11-12 02:15:52 to 2024-11-12 02:16:02
Market Cap: $34,948.99
Prediction: NO PUMP (8.7%)
Prediction Accuracy: 100.0%

[2024-11-12 02:17:18] === Completed iteration 5 ===
[2024-11-12 02:17:18] Waiting 30 seconds before next iteration...
[2024-11-12 02:17:23] 
=== Starting iteration 6 ===
[2024-11-12 02:17:23] 
Step 1: Running jupyterV2.py...
[2024-11-12 02:17:26] Transaction file updated: transactions_G5AvRvdM4tKdXeLiN3qF9qMCfhbPmo2TLvxwqWRupump.json (3292.6 KB)
[2024-11-12 02:17:26] 
Step 2: Running convertV2.py...
[2024-11-12 02:17:31] Generated files:
[2024-11-12 02:17:31] Enhanced: enhanced_G5AvRvdM4tKdXeLiN3qF9qMCfhbPmo2TLvxwqWRupump_34948.json
[2024-11-12 02:17:31] Price history: price_history_G5AvRvdM4tKdXeLiN3qF9qMCfhbPmo2TLvxwqWRupump_34948.json
[2024-11-12 02:17:31] 
Step 3: Moving files to pameligo directory...
[2024-11-12 02:17:31] Files moved successfully to pameligo directory
[2024-11-12 02:17:31] 
Step 4: Running PredictorV3...
[2024-11-12 02:17:34] Prediction completed successfully
[2024-11-12 02:17:34] Loading data completed...
Price data shape: (10, 8)
Enhanced data shape: (3, 3)

Price data columns: ['timestamp', 'date', 'token_amount', 'sol_amount', 'price_in_sol', 'price_in_usd', 'market_cap', 'signature']
Created 2 windows

=== Market Cap Predictions (2 windows) ===

Window 1:
Time: 2024-11-12 02:15:42 to 2024-11-12 02:15:52
Market Cap: $5,000.00
Prediction: PUMP (82.4%)
Actual Outcome: PUMP
Max Future MCap: $34,948.99

Window 2:
Time: 2024-11-12 02:15:52 to 2024-11-12 02:16:02
Market Cap: $34,948.99
Prediction: NO PUMP (8.7%)
Prediction Accuracy: 100.0%

[2024-11-12 02:17:34] === Completed iteration 6 ===
[2024-11-12 02:17:34] Waiting 30 seconds before next iteration...
[2024-11-12 02:17:39] 
=== Starting iteration 7 ===
[2024-11-12 02:17:39] 
Step 1: Running jupyterV2.py...
[2024-11-12 02:17:41] Transaction file updated: transactions_G5AvRvdM4tKdXeLiN3qF9qMCfhbPmo2TLvxwqWRupump.json (3745.7 KB)
[2024-11-12 02:17:41] 
Step 2: Running convertV2.py...
[2024-11-12 02:17:44] Generated files:
[2024-11-12 02:17:44] Enhanced: enhanced_G5AvRvdM4tKdXeLiN3qF9qMCfhbPmo2TLvxwqWRupump_34948.json
[2024-11-12 02:17:44] Price history: price_history_G5AvRvdM4tKdXeLiN3qF9qMCfhbPmo2TLvxwqWRupump_34948.json
[2024-11-12 02:17:44] 
Step 3: Moving files to pameligo directory...
[2024-11-12 02:17:44] Files moved successfully to pameligo directory
[2024-11-12 02:17:44] 
Step 4: Running PredictorV3...
[2024-11-12 02:17:46] Prediction completed successfully
[2024-11-12 02:17:46] Loading data completed...
Price data shape: (10, 8)
Enhanced data shape: (3, 3)

Price data columns: ['timestamp', 'date', 'token_amount', 'sol_amount', 'price_in_sol', 'price_in_usd', 'market_cap', 'signature']
Created 2 windows

=== Market Cap Predictions (2 windows) ===

Window 1:
Time: 2024-11-12 02:15:42 to 2024-11-12 02:15:52
Market Cap: $5,000.00
Prediction: PUMP (82.4%)
Actual Outcome: PUMP
Max Future MCap: $34,948.99

Window 2:
Time: 2024-11-12 02:15:52 to 2024-11-12 02:16:02
Market Cap: $34,948.99
Prediction: NO PUMP (8.7%)
Prediction Accuracy: 100.0%

[2024-11-12 02:17:46] === Completed iteration 7 ===
[2024-11-12 02:17:46] Waiting 30 seconds before next iteration...
[2024-11-12 02:17:48] 
Pipeline stopped by user
