[2024-11-12 04:38:17] Starting continuous pipeline for coin address: HsDtTdJS2RUDKSRVU9CFTwy8dJdsKed9zmD3fwHNpump
[2024-11-12 04:38:17] 
=== Starting iteration 1 ===
[2024-11-12 04:38:17] 
Step 1: Running jupyterV2.py...
[2024-11-12 04:38:48] Transaction file updated: transactions_HsDtTdJS2RUDKSRVU9CFTwy8dJdsKed9zmD3fwHNpump.json (4774.0 KB)
[2024-11-12 04:38:48] 
Step 2: Running convertV2.py...
[2024-11-12 04:38:50] Generated files:
[2024-11-12 04:38:50] Enhanced: enhanced_HsDtTdJS2RUDKSRVU9CFTwy8dJdsKed9zmD3fwHNpump_68915.json
[2024-11-12 04:38:50] Price history: price_history_HsDtTdJS2RUDKSRVU9CFTwy8dJdsKed9zmD3fwHNpump_68915.json
[2024-11-12 04:38:50] 
Step 3: Moving files to pameligo directory...
[2024-11-12 04:38:50] Files moved successfully to pameligo directory
[2024-11-12 04:38:50] 
Step 4: Running PredictorV3...
[2024-11-12 04:38:53] Prediction completed successfully
[2024-11-12 04:38:53] Loading data completed...
Price data shape: (28, 8)
Enhanced data shape: (19, 3)

Price data columns: ['timestamp', 'date', 'token_amount', 'sol_amount', 'price_in_sol', 'price_in_usd', 'market_cap', 'signature']
Created 10 windows
Analyzed 10 windows...

=== Market Cap Predictions (10 windows) ===

Window 1:
Time: 2024-11-12 04:34:19 to 2024-11-12 04:34:29
Market Cap: $5,000.00
Prediction: PUMP (79.7%)
Actual Outcome: PUMP
Max Future MCap: $68,915.00

Window 2:
Time: 2024-11-12 04:34:39 to 2024-11-12 04:34:49
Market Cap: $36,423.28
Prediction: NO PUMP (42.8%)
Actual Outcome: PUMP
Max Future MCap: $68,915.00

Window 3:
Time: 2024-11-12 04:34:49 to 2024-11-12 04:34:59
Market Cap: $44,443.09
Prediction: NO PUMP (6.5%)
Actual Outcome: PUMP
Max Future MCap: $68,915.00

Window 4:
Time: 2024-11-12 04:34:59 to 2024-11-12 04:35:09
Market Cap: $36,326.08
Prediction: NO PUMP (7.1%)
Actual Outcome: PUMP
Max Future MCap: $68,915.00

Window 5:
Time: 2024-11-12 04:35:59 to 2024-11-12 04:36:09
Market Cap: $38,090.51
Prediction: PUMP (56.9%)
Actual Outcome: PUMP
Max Future MCap: $68,915.00

Window 6:
Time: 2024-11-12 04:36:09 to 2024-11-12 04:36:19
Market Cap: $60,896.00
Prediction: NO PUMP (38.3%)
Actual Outcome: NO PUMP
Max Future MCap: $68,915.00

Window 7:
Time: 2024-11-12 04:36:19 to 2024-11-12 04:36:29
Market Cap: $39,528.18
Prediction: NO PUMP (13.0%)
Actual Outcome: NO PUMP
Max Future MCap: $41,249.47

Window 8:
Time: 2024-11-12 04:36:29 to 2024-11-12 04:36:39
Market Cap: $68,915.00
Prediction: NO PUMP (2.2%)
Actual Outcome: NO PUMP
Max Future MCap: $41,249.47

Window 9:
Time: 2024-11-12 04:36:39 to 2024-11-12 04:36:49
Market Cap: $40,382.64
Prediction: PUMP (74.6%)
Actual Outcome: NO PUMP
Max Future MCap: $41,249.47

Window 10:
Time: 2024-11-12 04:36:59 to 2024-11-12 04:37:09
Market Cap: $41,249.47
Prediction: PUMP (70.3%)
Prediction Accuracy: 55.6%

[2024-11-12 04:38:53] === Completed iteration 1 ===
[2024-11-12 04:38:53] Waiting 30 seconds before next iteration...
[2024-11-12 04:38:58] 
=== Starting iteration 2 ===
[2024-11-12 04:38:58] 
Step 1: Running jupyterV2.py...
[2024-11-12 04:39:00] Transaction file updated: transactions_HsDtTdJS2RUDKSRVU9CFTwy8dJdsKed9zmD3fwHNpump.json (5555.5 KB)
[2024-11-12 04:39:00] 
Step 2: Running convertV2.py...
[2024-11-12 04:39:01] Generated files:
[2024-11-12 04:39:01] Enhanced: enhanced_HsDtTdJS2RUDKSRVU9CFTwy8dJdsKed9zmD3fwHNpump_68915.json
[2024-11-12 04:39:01] Price history: price_history_HsDtTdJS2RUDKSRVU9CFTwy8dJdsKed9zmD3fwHNpump_68915.json
[2024-11-12 04:39:01] 
Step 3: Moving files to pameligo directory...
[2024-11-12 04:39:01] Files moved successfully to pameligo directory
[2024-11-12 04:39:01] 
Step 4: Running PredictorV3...
[2024-11-12 04:39:03] Prediction completed successfully
[2024-11-12 04:39:03] Loading data completed...
Price data shape: (31, 8)
Enhanced data shape: (23, 3)

Price data columns: ['timestamp', 'date', 'token_amount', 'sol_amount', 'price_in_sol', 'price_in_usd', 'market_cap', 'signature']
Created 12 windows
Analyzed 10 windows...

=== Market Cap Predictions (12 windows) ===

Window 1:
Time: 2024-11-12 04:34:19 to 2024-11-12 04:34:29
Market Cap: $5,000.00
Prediction: PUMP (79.7%)
Actual Outcome: PUMP
Max Future MCap: $68,915.00

Window 2:
Time: 2024-11-12 04:34:39 to 2024-11-12 04:34:49
Market Cap: $36,423.28
Prediction: NO PUMP (42.8%)
Actual Outcome: PUMP
Max Future MCap: $68,915.00

Window 3:
Time: 2024-11-12 04:34:49 to 2024-11-12 04:34:59
Market Cap: $44,443.09
Prediction: NO PUMP (6.5%)
Actual Outcome: PUMP
Max Future MCap: $68,915.00

Window 4:
Time: 2024-11-12 04:34:59 to 2024-11-12 04:35:09
Market Cap: $36,326.08
Prediction: NO PUMP (7.1%)
Actual Outcome: PUMP
Max Future MCap: $68,915.00

Window 5:
Time: 2024-11-12 04:35:59 to 2024-11-12 04:36:09
Market Cap: $38,090.51
Prediction: PUMP (56.9%)
Actual Outcome: PUMP
Max Future MCap: $68,915.00

Window 6:
Time: 2024-11-12 04:36:09 to 2024-11-12 04:36:19
Market Cap: $60,896.00
Prediction: NO PUMP (38.3%)
Actual Outcome: NO PUMP
Max Future MCap: $68,915.00

Window 7:
Time: 2024-11-12 04:36:19 to 2024-11-12 04:36:29
Market Cap: $39,528.18
Prediction: NO PUMP (13.0%)
Actual Outcome: NO PUMP
Max Future MCap: $46,094.83

Window 8:
Time: 2024-11-12 04:36:29 to 2024-11-12 04:36:39
Market Cap: $68,915.00
Prediction: NO PUMP (2.2%)
Actual Outcome: NO PUMP
Max Future MCap: $46,094.83

Window 9:
Time: 2024-11-12 04:36:39 to 2024-11-12 04:36:49
Market Cap: $40,382.64
Prediction: PUMP (74.6%)
Actual Outcome: NO PUMP
Max Future MCap: $46,094.83

Window 10:
Time: 2024-11-12 04:36:59 to 2024-11-12 04:37:09
Market Cap: $41,249.47
Prediction: PUMP (70.3%)
Actual Outcome: NO PUMP
Max Future MCap: $46,094.83

Window 11:
Time: 2024-11-12 04:38:19 to 2024-11-12 04:38:29
Market Cap: $45,362.44
Prediction: NO PUMP (5.8%)
Actual Outcome: NO PUMP
Max Future MCap: $46,094.83

Window 12:
Time: 2024-11-12 04:38:29 to 2024-11-12 04:38:39
Market Cap: $46,094.83
Prediction: NO PUMP (41.1%)
Prediction Accuracy: 54.5%

[2024-11-12 04:39:03] === Completed iteration 2 ===
[2024-11-12 04:39:03] Waiting 30 seconds before next iteration...
[2024-11-12 04:39:08] 
=== Starting iteration 3 ===
[2024-11-12 04:39:08] 
Step 1: Running jupyterV2.py...
[2024-11-12 04:39:10] Transaction file updated: transactions_HsDtTdJS2RUDKSRVU9CFTwy8dJdsKed9zmD3fwHNpump.json (5719.2 KB)
[2024-11-12 04:39:10] 
Step 2: Running convertV2.py...
[2024-11-12 04:39:11] Generated files:
[2024-11-12 04:39:11] Enhanced: enhanced_HsDtTdJS2RUDKSRVU9CFTwy8dJdsKed9zmD3fwHNpump_68915.json
[2024-11-12 04:39:11] Price history: price_history_HsDtTdJS2RUDKSRVU9CFTwy8dJdsKed9zmD3fwHNpump_68915.json
[2024-11-12 04:39:11] 
Step 3: Moving files to pameligo directory...
[2024-11-12 04:39:11] Files moved successfully to pameligo directory
[2024-11-12 04:39:11] 
Step 4: Running PredictorV3...
[2024-11-12 04:39:13] Prediction completed successfully
[2024-11-12 04:39:13] Loading data completed...
Price data shape: (31, 8)
Enhanced data shape: (24, 3)

Price data columns: ['timestamp', 'date', 'token_amount', 'sol_amount', 'price_in_sol', 'price_in_usd', 'market_cap', 'signature']
Created 12 windows
Analyzed 10 windows...

=== Market Cap Predictions (12 windows) ===

Window 1:
Time: 2024-11-12 04:34:19 to 2024-11-12 04:34:29
Market Cap: $5,000.00
Prediction: PUMP (79.7%)
Actual Outcome: PUMP
Max Future MCap: $68,915.00

Window 2:
Time: 2024-11-12 04:34:39 to 2024-11-12 04:34:49
Market Cap: $36,423.28
Prediction: NO PUMP (42.8%)
Actual Outcome: PUMP
Max Future MCap: $68,915.00

Window 3:
Time: 2024-11-12 04:34:49 to 2024-11-12 04:34:59
Market Cap: $44,443.09
Prediction: NO PUMP (6.5%)
Actual Outcome: PUMP
Max Future MCap: $68,915.00

Window 4:
Time: 2024-11-12 04:34:59 to 2024-11-12 04:35:09
Market Cap: $36,326.08
Prediction: NO PUMP (7.1%)
Actual Outcome: PUMP
Max Future MCap: $68,915.00

Window 5:
Time: 2024-11-12 04:35:59 to 2024-11-12 04:36:09
Market Cap: $38,090.51
Prediction: PUMP (56.9%)
Actual Outcome: PUMP
Max Future MCap: $68,915.00

Window 6:
Time: 2024-11-12 04:36:09 to 2024-11-12 04:36:19
Market Cap: $60,896.00
Prediction: NO PUMP (38.3%)
Actual Outcome: NO PUMP
Max Future MCap: $68,915.00

Window 7:
Time: 2024-11-12 04:36:19 to 2024-11-12 04:36:29
Market Cap: $39,528.18
Prediction: NO PUMP (13.0%)
Actual Outcome: NO PUMP
Max Future MCap: $46,094.83

Window 8:
Time: 2024-11-12 04:36:29 to 2024-11-12 04:36:39
Market Cap: $68,915.00
Prediction: NO PUMP (2.2%)
Actual Outcome: NO PUMP
Max Future MCap: $46,094.83

Window 9:
Time: 2024-11-12 04:36:39 to 2024-11-12 04:36:49
Market Cap: $40,382.64
Prediction: PUMP (74.6%)
Actual Outcome: NO PUMP
Max Future MCap: $46,094.83

Window 10:
Time: 2024-11-12 04:36:59 to 2024-11-12 04:37:09
Market Cap: $41,249.47
Prediction: PUMP (70.3%)
Actual Outcome: NO PUMP
Max Future MCap: $46,094.83

Window 11:
Time: 2024-11-12 04:38:19 to 2024-11-12 04:38:29
Market Cap: $45,362.44
Prediction: NO PUMP (5.8%)
Actual Outcome: NO PUMP
Max Future MCap: $46,094.83

Window 12:
Time: 2024-11-12 04:38:29 to 2024-11-12 04:38:39
Market Cap: $46,094.83
Prediction: PUMP (86.5%)
Prediction Accuracy: 54.5%

[2024-11-12 04:39:13] === Completed iteration 3 ===
[2024-11-12 04:39:13] Waiting 30 seconds before next iteration...
[2024-11-12 04:39:18] 
=== Starting iteration 4 ===
[2024-11-12 04:39:18] 
Step 1: Running jupyterV2.py...
[2024-11-12 04:39:21] Transaction file updated: transactions_HsDtTdJS2RUDKSRVU9CFTwy8dJdsKed9zmD3fwHNpump.json (5858.3 KB)
[2024-11-12 04:39:21] 
Step 2: Running convertV2.py...
[2024-11-12 04:39:22] Generated files:
[2024-11-12 04:39:22] Enhanced: enhanced_HsDtTdJS2RUDKSRVU9CFTwy8dJdsKed9zmD3fwHNpump_68915.json
[2024-11-12 04:39:22] Price history: price_history_HsDtTdJS2RUDKSRVU9CFTwy8dJdsKed9zmD3fwHNpump_68915.json
[2024-11-12 04:39:22] 
Step 3: Moving files to pameligo directory...
[2024-11-12 04:39:22] Files moved successfully to pameligo directory
[2024-11-12 04:39:22] 
Step 4: Running PredictorV3...
[2024-11-12 04:39:24] Prediction completed successfully
[2024-11-12 04:39:24] Loading data completed...
Price data shape: (31, 8)
Enhanced data shape: (25, 3)

Price data columns: ['timestamp', 'date', 'token_amount', 'sol_amount', 'price_in_sol', 'price_in_usd', 'market_cap', 'signature']
Created 12 windows
Analyzed 10 windows...

=== Market Cap Predictions (12 windows) ===

Window 1:
Time: 2024-11-12 04:34:19 to 2024-11-12 04:34:29
Market Cap: $5,000.00
Prediction: PUMP (79.7%)
Actual Outcome: PUMP
Max Future MCap: $68,915.00

Window 2:
Time: 2024-11-12 04:34:39 to 2024-11-12 04:34:49
Market Cap: $36,423.28
Prediction: NO PUMP (42.8%)
Actual Outcome: PUMP
Max Future MCap: $68,915.00

Window 3:
Time: 2024-11-12 04:34:49 to 2024-11-12 04:34:59
Market Cap: $44,443.09
Prediction: NO PUMP (6.5%)
Actual Outcome: PUMP
Max Future MCap: $68,915.00

Window 4:
Time: 2024-11-12 04:34:59 to 2024-11-12 04:35:09
Market Cap: $36,326.08
Prediction: NO PUMP (7.1%)
Actual Outcome: PUMP
Max Future MCap: $68,915.00

Window 5:
Time: 2024-11-12 04:35:59 to 2024-11-12 04:36:09
Market Cap: $38,090.51
Prediction: PUMP (56.9%)
Actual Outcome: PUMP
Max Future MCap: $68,915.00

Window 6:
Time: 2024-11-12 04:36:09 to 2024-11-12 04:36:19
Market Cap: $60,896.00
Prediction: NO PUMP (38.3%)
Actual Outcome: NO PUMP
Max Future MCap: $68,915.00

Window 7:
Time: 2024-11-12 04:36:19 to 2024-11-12 04:36:29
Market Cap: $39,528.18
Prediction: NO PUMP (13.0%)
Actual Outcome: NO PUMP
Max Future MCap: $46,094.83

Window 8:
Time: 2024-11-12 04:36:29 to 2024-11-12 04:36:39
Market Cap: $68,915.00
Prediction: NO PUMP (2.2%)
Actual Outcome: NO PUMP
Max Future MCap: $46,094.83

Window 9:
Time: 2024-11-12 04:36:39 to 2024-11-12 04:36:49
Market Cap: $40,382.64
Prediction: PUMP (74.6%)
Actual Outcome: NO PUMP
Max Future MCap: $46,094.83

Window 10:
Time: 2024-11-12 04:36:59 to 2024-11-12 04:37:09
Market Cap: $41,249.47
Prediction: PUMP (70.3%)
Actual Outcome: NO PUMP
Max Future MCap: $46,094.83

Window 11:
Time: 2024-11-12 04:38:19 to 2024-11-12 04:38:29
Market Cap: $45,362.44
Prediction: NO PUMP (5.8%)
Actual Outcome: NO PUMP
Max Future MCap: $46,094.83

Window 12:
Time: 2024-11-12 04:38:29 to 2024-11-12 04:38:39
Market Cap: $46,094.83
Prediction: PUMP (86.5%)
Prediction Accuracy: 54.5%

[2024-11-12 04:39:24] === Completed iteration 4 ===
[2024-11-12 04:39:24] Waiting 30 seconds before next iteration...
[2024-11-12 04:39:29] 
=== Starting iteration 5 ===
[2024-11-12 04:39:29] 
Step 1: Running jupyterV2.py...
[2024-11-12 04:39:31] Transaction file updated: transactions_HsDtTdJS2RUDKSRVU9CFTwy8dJdsKed9zmD3fwHNpump.json (6059.3 KB)
[2024-11-12 04:39:31] 
Step 2: Running convertV2.py...
[2024-11-12 04:39:32] Generated files:
[2024-11-12 04:39:32] Enhanced: enhanced_HsDtTdJS2RUDKSRVU9CFTwy8dJdsKed9zmD3fwHNpump_68915.json
[2024-11-12 04:39:32] Price history: price_history_HsDtTdJS2RUDKSRVU9CFTwy8dJdsKed9zmD3fwHNpump_68915.json
[2024-11-12 04:39:32] 
Step 3: Moving files to pameligo directory...
[2024-11-12 04:39:32] Files moved successfully to pameligo directory
[2024-11-12 04:39:32] 
Step 4: Running PredictorV3...
[2024-11-12 04:39:34] Prediction completed successfully
[2024-11-12 04:39:34] Loading data completed...
Price data shape: (31, 8)
Enhanced data shape: (25, 3)

Price data columns: ['timestamp', 'date', 'token_amount', 'sol_amount', 'price_in_sol', 'price_in_usd', 'market_cap', 'signature']
Created 12 windows
Analyzed 10 windows...

=== Market Cap Predictions (12 windows) ===

Window 1:
Time: 2024-11-12 04:34:19 to 2024-11-12 04:34:29
Market Cap: $5,000.00
Prediction: PUMP (79.7%)
Actual Outcome: PUMP
Max Future MCap: $68,915.00

Window 2:
Time: 2024-11-12 04:34:39 to 2024-11-12 04:34:49
Market Cap: $36,423.28
Prediction: NO PUMP (42.8%)
Actual Outcome: PUMP
Max Future MCap: $68,915.00

Window 3:
Time: 2024-11-12 04:34:49 to 2024-11-12 04:34:59
Market Cap: $44,443.09
Prediction: NO PUMP (6.5%)
Actual Outcome: PUMP
Max Future MCap: $68,915.00

Window 4:
Time: 2024-11-12 04:34:59 to 2024-11-12 04:35:09
Market Cap: $36,326.08
Prediction: NO PUMP (7.1%)
Actual Outcome: PUMP
Max Future MCap: $68,915.00

Window 5:
Time: 2024-11-12 04:35:59 to 2024-11-12 04:36:09
Market Cap: $38,090.51
Prediction: PUMP (56.9%)
Actual Outcome: PUMP
Max Future MCap: $68,915.00

Window 6:
Time: 2024-11-12 04:36:09 to 2024-11-12 04:36:19
Market Cap: $60,896.00
Prediction: NO PUMP (38.3%)
Actual Outcome: NO PUMP
Max Future MCap: $68,915.00

Window 7:
Time: 2024-11-12 04:36:19 to 2024-11-12 04:36:29
Market Cap: $39,528.18
Prediction: NO PUMP (13.0%)
Actual Outcome: NO PUMP
Max Future MCap: $46,094.83

Window 8:
Time: 2024-11-12 04:36:29 to 2024-11-12 04:36:39
Market Cap: $68,915.00
Prediction: NO PUMP (2.2%)
Actual Outcome: NO PUMP
Max Future MCap: $46,094.83

Window 9:
Time: 2024-11-12 04:36:39 to 2024-11-12 04:36:49
Market Cap: $40,382.64
Prediction: PUMP (74.6%)
Actual Outcome: NO PUMP
Max Future MCap: $46,094.83

Window 10:
Time: 2024-11-12 04:36:59 to 2024-11-12 04:37:09
Market Cap: $41,249.47
Prediction: PUMP (70.3%)
Actual Outcome: NO PUMP
Max Future MCap: $46,094.83

Window 11:
Time: 2024-11-12 04:38:19 to 2024-11-12 04:38:29
Market Cap: $45,362.44
Prediction: NO PUMP (5.8%)
Actual Outcome: NO PUMP
Max Future MCap: $46,094.83

Window 12:
Time: 2024-11-12 04:38:29 to 2024-11-12 04:38:39
Market Cap: $46,094.83
Prediction: PUMP (86.5%)
Prediction Accuracy: 54.5%

[2024-11-12 04:39:34] === Completed iteration 5 ===
[2024-11-12 04:39:34] Waiting 30 seconds before next iteration...
[2024-11-12 04:39:39] 
=== Starting iteration 6 ===
[2024-11-12 04:39:39] 
Step 1: Running jupyterV2.py...
[2024-11-12 04:39:41] Transaction file updated: transactions_HsDtTdJS2RUDKSRVU9CFTwy8dJdsKed9zmD3fwHNpump.json (6214.2 KB)
[2024-11-12 04:39:41] 
Step 2: Running convertV2.py...
[2024-11-12 04:39:43] Generated files:
[2024-11-12 04:39:43] Enhanced: enhanced_HsDtTdJS2RUDKSRVU9CFTwy8dJdsKed9zmD3fwHNpump_68915.json
[2024-11-12 04:39:43] Price history: price_history_HsDtTdJS2RUDKSRVU9CFTwy8dJdsKed9zmD3fwHNpump_68915.json
[2024-11-12 04:39:43] 
Step 3: Moving files to pameligo directory...
[2024-11-12 04:39:43] Files moved successfully to pameligo directory
[2024-11-12 04:39:43] 
Step 4: Running PredictorV3...
[2024-11-12 04:39:47] Prediction completed successfully
[2024-11-12 04:39:47] Loading data completed...
Price data shape: (31, 8)
Enhanced data shape: (25, 3)

Price data columns: ['timestamp', 'date', 'token_amount', 'sol_amount', 'price_in_sol', 'price_in_usd', 'market_cap', 'signature']
Created 12 windows
Analyzed 10 windows...

=== Market Cap Predictions (12 windows) ===

Window 1:
Time: 2024-11-12 04:34:19 to 2024-11-12 04:34:29
Market Cap: $5,000.00
Prediction: PUMP (79.7%)
Actual Outcome: PUMP
Max Future MCap: $68,915.00

Window 2:
Time: 2024-11-12 04:34:39 to 2024-11-12 04:34:49
Market Cap: $36,423.28
Prediction: NO PUMP (42.8%)
Actual Outcome: PUMP
Max Future MCap: $68,915.00

Window 3:
Time: 2024-11-12 04:34:49 to 2024-11-12 04:34:59
Market Cap: $44,443.09
Prediction: NO PUMP (6.5%)
Actual Outcome: PUMP
Max Future MCap: $68,915.00

Window 4:
Time: 2024-11-12 04:34:59 to 2024-11-12 04:35:09
Market Cap: $36,326.08
Prediction: NO PUMP (7.1%)
Actual Outcome: PUMP
Max Future MCap: $68,915.00

Window 5:
Time: 2024-11-12 04:35:59 to 2024-11-12 04:36:09
Market Cap: $38,090.51
Prediction: PUMP (56.9%)
Actual Outcome: PUMP
Max Future MCap: $68,915.00

Window 6:
Time: 2024-11-12 04:36:09 to 2024-11-12 04:36:19
Market Cap: $60,896.00
Prediction: NO PUMP (38.3%)
Actual Outcome: NO PUMP
Max Future MCap: $68,915.00

Window 7:
Time: 2024-11-12 04:36:19 to 2024-11-12 04:36:29
Market Cap: $39,528.18
Prediction: NO PUMP (13.0%)
Actual Outcome: NO PUMP
Max Future MCap: $46,094.83

Window 8:
Time: 2024-11-12 04:36:29 to 2024-11-12 04:36:39
Market Cap: $68,915.00
Prediction: NO PUMP (2.2%)
Actual Outcome: NO PUMP
Max Future MCap: $46,094.83

Window 9:
Time: 2024-11-12 04:36:39 to 2024-11-12 04:36:49
Market Cap: $40,382.64
Prediction: PUMP (74.6%)
Actual Outcome: NO PUMP
Max Future MCap: $46,094.83

Window 10:
Time: 2024-11-12 04:36:59 to 2024-11-12 04:37:09
Market Cap: $41,249.47
Prediction: PUMP (70.3%)
Actual Outcome: NO PUMP
Max Future MCap: $46,094.83

Window 11:
Time: 2024-11-12 04:38:19 to 2024-11-12 04:38:29
Market Cap: $45,362.44
Prediction: NO PUMP (5.8%)
Actual Outcome: NO PUMP
Max Future MCap: $46,094.83

Window 12:
Time: 2024-11-12 04:38:29 to 2024-11-12 04:38:39
Market Cap: $46,094.83
Prediction: PUMP (86.5%)
Prediction Accuracy: 54.5%

[2024-11-12 04:39:47] === Completed iteration 6 ===
[2024-11-12 04:39:47] Waiting 30 seconds before next iteration...
[2024-11-12 04:39:50] 
Pipeline stopped by user
