[2024-11-13 07:48:43] Starting pipeline for coin address: GhLJ7y35hP3E9mZWuiA2QY33XZHNmpYhx3P8b1f1pump
[2024-11-13 07:48:43] 
Step 1: Running jupyterV2.py...
[2024-11-13 07:48:45] Transaction file created: transactions_GhLJ7y35hP3E9mZWuiA2QY33XZHNmpYhx3P8b1f1pump.json (12690.9 KB)
[2024-11-13 07:48:45] 
Step 2: Running convertV3Bots.py...
[2024-11-13 07:48:46] Generated files:
[2024-11-13 07:48:46] Enhanced: enhanced_GhLJ7y35hP3E9mZWuiA2QY33XZHNmpYhx3P8b1f1pump_39247.json
[2024-11-13 07:48:46] Price history: price_history_GhLJ7y35hP3E9mZWuiA2QY33XZHNmpYhx3P8b1f1pump_39247.json
[2024-11-13 07:48:46] 
Step 3: Copying files to botfucker/giatora...
[2024-11-13 07:48:46] Files copied successfully to botfucker/giatora directory
[2024-11-13 07:48:46] 
Step 4: Running rename.py...
[2024-11-13 07:48:46] File renamed successfully
[2024-11-13 07:48:46] Successfully renamed file to: price_history_GhLJ7y35hP3E9mZWuiA2QY33XZHNmpYhx3P8b1f1pump_39247_18.08_235_19.json
Total SOL amount from special transactions: 18.08
Total transactions: 235
Special transactions (sol_amount not starting with 0.01): 19

[2024-11-13 07:48:46] Pipeline completed successfully!
