[2024-11-13 07:31:26] Starting pipeline for coin address: GhLJ7y35hP3E9mZWuiA2QY33XZHNmpYhx3P8b1f1pump
[2024-11-13 07:31:26] 
Step 1: Running jupyterV2.py...
[2024-11-13 07:31:49] Transaction file created: transactions_GhLJ7y35hP3E9mZWuiA2QY33XZHNmpYhx3P8b1f1pump.json (2749.4 KB)
[2024-11-13 07:31:49] 
Step 2: Running convertV3Bots.py...
[2024-11-13 07:31:49] Generated files:
[2024-11-13 07:31:49] Enhanced: enhanced_GhLJ7y35hP3E9mZWuiA2QY33XZHNmpYhx3P8b1f1pump_39247.json
[2024-11-13 07:31:49] Price history: price_history_GhLJ7y35hP3E9mZWuiA2QY33XZHNmpYhx3P8b1f1pump_39247.json
[2024-11-13 07:31:49] 
Step 3: Copying files to botfucker/giatora...
[2024-11-13 07:31:49] Files copied successfully to botfucker/giatora directory
[2024-11-13 07:31:49] 
Step 4: Running rename.py...
[2024-11-13 07:31:50] File renamed successfully
[2024-11-13 07:31:50] Successfully renamed file to: price_history_GhLJ7y35hP3E9mZWuiA2QY33XZHNmpYhx3P8b1f1pump_39247_18.08_235_19.json
Total SOL amount from special transactions: 18.08
Total transactions: 235
Special transactions (sol_amount not starting with 0.01): 19

[2024-11-13 07:31:50] Pipeline completed successfully!
