[2024-11-18 07:40:32] Starting pipeline for coin address: 3XXaXtaFtBghZ8NwkTGfNSsijJoWbPhTEAR9cMZdpump
[2024-11-18 07:40:32] 
Step 1: Running jupyterV2.py...
[2024-11-18 07:40:41] Transaction file created: transactions_3XXaXtaFtBghZ8NwkTGfNSsijJoWbPhTEAR9cMZdpump.json (151.4 KB)
[2024-11-18 07:40:41] 
Step 2: Running convertV3Bots.py...
[2024-11-18 07:40:44] Generated files:
[2024-11-18 07:40:44] Enhanced: enhanced_3XXaXtaFtBghZ8NwkTGfNSsijJoWbPhTEAR9cMZdpump_50241.json
[2024-11-18 07:40:44] Price history: price_history_3XXaXtaFtBghZ8NwkTGfNSsijJoWbPhTEAR9cMZdpump_50241.json
[2024-11-18 07:40:44] 
Step 3: Copying files to botfucker/giatora...
[2024-11-18 07:40:44] Files copied successfully to botfucker/giatora directory
[2024-11-18 07:40:44] 
Step 4: Running rename.py...
[2024-11-18 07:40:44] File renamed successfully
[2024-11-18 07:40:44] Successfully renamed file to: price_history_3XXaXtaFtBghZ8NwkTGfNSsijJoWbPhTEAR9cMZdpump_50241_1.64_11_11.json
Total SOL amount from special transactions: 1.64
Total transactions: 11
Special transactions (sol_amount not starting with 0.01): 11

[2024-11-18 07:40:44] Pipeline completed successfully!
