[2024-11-12 04:48:10] Starting continuous pipeline for coin address: HsDtTdJS2RUDKSRVU9CFTwy8dJdsKed9zmD3fwHNpump
[2024-11-12 04:48:10] 
=== Starting iteration 1 ===
[2024-11-12 04:48:10] 
Step 1: Running jupyterV2.py...
[2024-11-12 04:48:26] Transaction file updated: transactions_HsDtTdJS2RUDKSRVU9CFTwy8dJdsKed9zmD3fwHNpump.json (13015.2 KB)
[2024-11-12 04:48:26] 
Step 2: Running convertV2.py...
[2024-11-12 04:48:28] Generated files:
[2024-11-12 04:48:28] Enhanced: enhanced_HsDtTdJS2RUDKSRVU9CFTwy8dJdsKed9zmD3fwHNpump_56299.json
[2024-11-12 04:48:28] Price history: price_history_HsDtTdJS2RUDKSRVU9CFTwy8dJdsKed9zmD3fwHNpump_56299.json
[2024-11-12 04:48:28] 
Step 3: Moving files to pameligo directory...
[2024-11-12 04:48:28] Files moved successfully to pameligo directory
[2024-11-12 04:48:28] 
Step 4: Running PredictorV3...
[2024-11-12 04:48:31] Prediction completed successfully
[2024-11-12 04:48:31] Loading data completed...
Price data shape: (41, 8)
Enhanced data shape: (63, 3)

Price data columns: ['timestamp', 'date', 'token_amount', 'sol_amount', 'price_in_sol', 'price_in_usd', 'market_cap', 'signature']
Created 24 windows
Analyzed 10 windows...
Analyzed 20 windows...

=== Market Cap Predictions (24 windows) ===

Window 1:
Time: 2024-11-12 04:34:19 to 2024-11-12 04:34:29
Market Cap: $5,000.00
Prediction: PUMP (79.7%)
Actual Outcome: PUMP
Max Future MCap: $56,299.15

Window 2:
Time: 2024-11-12 04:34:39 to 2024-11-12 04:34:49
Market Cap: $36,423.28
Prediction: NO PUMP (42.8%)
Actual Outcome: PUMP
Max Future MCap: $56,299.15

Window 3:
Time: 2024-11-12 04:34:49 to 2024-11-12 04:34:59
Market Cap: $44,443.09
Prediction: NO PUMP (6.5%)
Actual Outcome: PUMP
Max Future MCap: $56,299.15

Window 4:
Time: 2024-11-12 04:34:59 to 2024-11-12 04:35:09
Market Cap: $36,326.08
Prediction: NO PUMP (7.1%)
Actual Outcome: PUMP
Max Future MCap: $56,299.15

Window 5:
Time: 2024-11-12 04:36:09 to 2024-11-12 04:36:19
Market Cap: $38,413.97
Prediction: PUMP (77.6%)
Actual Outcome: PUMP
Max Future MCap: $56,299.15

Window 6:
Time: 2024-11-12 04:36:19 to 2024-11-12 04:36:29
Market Cap: $39,528.18
Prediction: NO PUMP (8.5%)
Actual Outcome: PUMP
Max Future MCap: $56,299.15

Window 7:
Time: 2024-11-12 04:36:29 to 2024-11-12 04:36:39
Market Cap: $41,007.44
Prediction: NO PUMP (8.4%)
Actual Outcome: PUMP
Max Future MCap: $56,299.15

Window 8:
Time: 2024-11-12 04:36:39 to 2024-11-12 04:36:49
Market Cap: $40,382.64
Prediction: PUMP (74.6%)
Actual Outcome: PUMP
Max Future MCap: $56,299.15

Window 9:
Time: 2024-11-12 04:36:59 to 2024-11-12 04:37:09
Market Cap: $41,249.47
Prediction: PUMP (70.3%)
Actual Outcome: PUMP
Max Future MCap: $56,299.15

Window 10:
Time: 2024-11-12 04:38:19 to 2024-11-12 04:38:29
Market Cap: $45,472.30
Prediction: NO PUMP (11.0%)
Actual Outcome: PUMP
Max Future MCap: $56,299.15

Window 11:
Time: 2024-11-12 04:39:09 to 2024-11-12 04:39:19
Market Cap: $46,459.67
Prediction: NO PUMP (19.2%)
Actual Outcome: NO PUMP
Max Future MCap: $56,299.15

Window 12:
Time: 2024-11-12 04:39:29 to 2024-11-12 04:39:39
Market Cap: $47,112.50
Prediction: NO PUMP (12.8%)
Actual Outcome: NO PUMP
Max Future MCap: $56,299.15

Window 13:
Time: 2024-11-12 04:39:39 to 2024-11-12 04:39:49
Market Cap: $47,385.25
Prediction: NO PUMP (29.2%)
Actual Outcome: NO PUMP
Max Future MCap: $56,299.15

Window 14:
Time: 2024-11-12 04:40:09 to 2024-11-12 04:40:19
Market Cap: $49,653.68
Prediction: NO PUMP (9.9%)
Actual Outcome: NO PUMP
Max Future MCap: $56,299.15

Window 15:
Time: 2024-11-12 04:40:19 to 2024-11-12 04:40:29
Market Cap: $50,486.68
Prediction: NO PUMP (36.5%)
Actual Outcome: NO PUMP
Max Future MCap: $56,299.15

Window 16:
Time: 2024-11-12 04:40:29 to 2024-11-12 04:40:39
Market Cap: $50,821.47
Prediction: NO PUMP (12.5%)
Actual Outcome: NO PUMP
Max Future MCap: $56,299.15

Window 17:
Time: 2024-11-12 04:41:09 to 2024-11-12 04:41:19
Market Cap: $51,023.72
Prediction: NO PUMP (3.8%)
Actual Outcome: NO PUMP
Max Future MCap: $56,299.15

Window 18:
Time: 2024-11-12 04:41:39 to 2024-11-12 04:41:49
Market Cap: $51,528.22
Prediction: NO PUMP (9.8%)
Actual Outcome: NO PUMP
Max Future MCap: $56,299.15

Window 19:
Time: 2024-11-12 04:43:09 to 2024-11-12 04:43:19
Market Cap: $9,747.52
Prediction: NO PUMP (1.7%)
Actual Outcome: PUMP
Max Future MCap: $56,299.15

Window 20:
Time: 2024-11-12 04:43:49 to 2024-11-12 04:43:59
Market Cap: $54,052.04
Prediction: NO PUMP (5.5%)
Actual Outcome: NO PUMP
Max Future MCap: $56,299.15

Window 21:
Time: 2024-11-12 04:45:19 to 2024-11-12 04:45:29
Market Cap: $55,539.58
Prediction: NO PUMP (23.0%)
Actual Outcome: NO PUMP
Max Future MCap: $56,299.15

Window 22:
Time: 2024-11-12 04:45:29 to 2024-11-12 04:45:39
Market Cap: $55,774.01
Prediction: NO PUMP (8.1%)
Actual Outcome: NO PUMP
Max Future MCap: $56,299.15

Window 23:
Time: 2024-11-12 04:45:59 to 2024-11-12 04:46:09
Market Cap: $56,299.15
Prediction: NO PUMP (3.3%)
Actual Outcome: NO PUMP
Max Future MCap: $9,747.52

Window 24:
Time: 2024-11-12 04:47:09 to 2024-11-12 04:47:19
Market Cap: $9,747.52
Prediction: NO PUMP (1.1%)
Prediction Accuracy: 69.6%

[2024-11-12 04:48:31] === Completed iteration 1 ===
[2024-11-12 04:48:31] Waiting 30 seconds before next iteration...
[2024-11-12 04:48:36] 
=== Starting iteration 2 ===
[2024-11-12 04:48:36] 
Step 1: Running jupyterV2.py...
[2024-11-12 04:48:39] 
Pipeline stopped by user
